1716774987.321147 client started (2732): version 3.4, socket /private/tmp/tmux-501/default, protocol 8
1716774987.321224 on Darwin 23.4.0 Darwin Kernel Version 23.4.0: Fri Mar 15 00:10:42 PDT 2024; root:xnu-10063.101.17~1/RELEASE_ARM64_T6000
1716774987.321241 using libevent 2.1.12-stable select
1716774987.321458 using utf8proc 2.9.0
1716774987.321471 using ncurses 6.5 20240427
1716774987.321498 flags are 0x10010000
1716774987.321509 socket is /private/tmp/tmux-501/default
1716774987.321530 trying connect
1716774987.321596 add peer 0x148048000: 6 (0x0)
1716774987.326188 sending message 100 to peer 0x148048000 (4 bytes)
1716774987.326231 sending message 111 to peer 0x148048000 (8 bytes)
1716774987.326241 sending message 101 to peer 0x148048000 (14 bytes)
1716774987.326250 sending message 109 to peer 0x148048000 (4 bytes)
1716774987.326258 sending message 102 to peer 0x148048000 (13 bytes)
1716774987.326266 sending message 108 to peer 0x148048000 (37 bytes)
1716774987.326273 sending message 112 to peer 0x148048000 (70 bytes)
1716774987.326281 sending message 112 to peer 0x148048000 (5 bytes)
1716774987.326288 sending message 112 to peer 0x148048000 (5 bytes)
1716774987.326295 sending message 112 to peer 0x148048000 (6 bytes)
1716774987.326302 sending message 112 to peer 0x148048000 (6 bytes)
1716774987.326325 sending message 112 to peer 0x148048000 (11 bytes)
1716774987.326333 sending message 112 to peer 0x148048000 (10 bytes)
1716774987.326341 sending message 112 to peer 0x148048000 (13 bytes)
1716774987.326348 sending message 112 to peer 0x148048000 (13 bytes)
1716774987.326355 sending message 112 to peer 0x148048000 (18 bytes)
1716774987.326362 sending message 112 to peer 0x148048000 (11 bytes)
1716774987.326369 sending message 112 to peer 0x148048000 (10 bytes)
1716774987.326376 sending message 112 to peer 0x148048000 (15 bytes)
1716774987.326383 sending message 112 to peer 0x148048000 (21 bytes)
1716774987.326391 sending message 112 to peer 0x148048000 (13 bytes)
1716774987.326398 sending message 112 to peer 0x148048000 (7 bytes)
1716774987.326405 sending message 112 to peer 0x148048000 (13 bytes)
1716774987.326412 sending message 112 to peer 0x148048000 (7 bytes)
1716774987.326419 sending message 112 to peer 0x148048000 (13 bytes)
1716774987.326426 sending message 112 to peer 0x148048000 (9 bytes)
1716774987.326433 sending message 112 to peer 0x148048000 (21 bytes)
1716774987.326440 sending message 112 to peer 0x148048000 (13 bytes)
1716774987.326447 sending message 112 to peer 0x148048000 (8 bytes)
1716774987.326454 sending message 112 to peer 0x148048000 (12 bytes)
1716774987.326461 sending message 112 to peer 0x148048000 (13 bytes)
1716774987.326468 sending message 112 to peer 0x148048000 (9 bytes)
1716774987.326476 sending message 112 to peer 0x148048000 (9 bytes)
1716774987.326492 sending message 112 to peer 0x148048000 (12 bytes)
1716774987.326500 sending message 112 to peer 0x148048000 (8 bytes)
1716774987.326507 sending message 112 to peer 0x148048000 (8 bytes)
1716774987.326514 sending message 112 to peer 0x148048000 (7 bytes)
1716774987.326521 sending message 112 to peer 0x148048000 (7 bytes)
1716774987.326528 sending message 112 to peer 0x148048000 (9 bytes)
1716774987.326535 sending message 112 to peer 0x148048000 (13 bytes)
1716774987.326542 sending message 112 to peer 0x148048000 (6 bytes)
1716774987.326549 sending message 112 to peer 0x148048000 (9 bytes)
1716774987.326556 sending message 112 to peer 0x148048000 (15 bytes)
1716774987.326563 sending message 112 to peer 0x148048000 (13 bytes)
1716774987.326570 sending message 112 to peer 0x148048000 (12 bytes)
1716774987.326577 sending message 112 to peer 0x148048000 (8 bytes)
1716774987.326584 sending message 112 to peer 0x148048000 (14 bytes)
1716774987.326591 sending message 112 to peer 0x148048000 (11 bytes)
1716774987.326598 sending message 112 to peer 0x148048000 (9 bytes)
1716774987.326605 sending message 112 to peer 0x148048000 (10 bytes)
1716774987.326612 sending message 112 to peer 0x148048000 (10 bytes)
1716774987.326620 sending message 112 to peer 0x148048000 (10 bytes)
1716774987.326644 sending message 112 to peer 0x148048000 (10 bytes)
1716774987.326649 sending message 112 to peer 0x148048000 (11 bytes)
1716774987.326654 sending message 112 to peer 0x148048000 (12 bytes)
1716774987.326659 sending message 112 to peer 0x148048000 (12 bytes)
1716774987.326664 sending message 112 to peer 0x148048000 (12 bytes)
1716774987.326669 sending message 112 to peer 0x148048000 (12 bytes)
1716774987.326674 sending message 112 to peer 0x148048000 (12 bytes)
1716774987.326679 sending message 112 to peer 0x148048000 (11 bytes)
1716774987.326684 sending message 112 to peer 0x148048000 (11 bytes)
1716774987.326689 sending message 112 to peer 0x148048000 (12 bytes)
1716774987.326693 sending message 112 to peer 0x148048000 (12 bytes)
1716774987.326698 sending message 112 to peer 0x148048000 (12 bytes)
1716774987.326703 sending message 112 to peer 0x148048000 (12 bytes)
1716774987.326708 sending message 112 to peer 0x148048000 (12 bytes)
1716774987.326713 sending message 112 to peer 0x148048000 (10 bytes)
1716774987.326718 sending message 112 to peer 0x148048000 (12 bytes)
1716774987.326722 sending message 112 to peer 0x148048000 (13 bytes)
1716774987.326727 sending message 112 to peer 0x148048000 (13 bytes)
1716774987.326732 sending message 112 to peer 0x148048000 (13 bytes)
1716774987.326737 sending message 112 to peer 0x148048000 (13 bytes)
1716774987.326742 sending message 112 to peer 0x148048000 (13 bytes)
1716774987.326747 sending message 112 to peer 0x148048000 (8 bytes)
1716774987.326751 sending message 112 to peer 0x148048000 (11 bytes)
1716774987.326756 sending message 112 to peer 0x148048000 (11 bytes)
1716774987.326761 sending message 112 to peer 0x148048000 (11 bytes)
1716774987.326766 sending message 112 to peer 0x148048000 (12 bytes)
1716774987.326771 sending message 112 to peer 0x148048000 (12 bytes)
1716774987.326776 sending message 112 to peer 0x148048000 (12 bytes)
1716774987.326781 sending message 112 to peer 0x148048000 (12 bytes)
1716774987.326786 sending message 112 to peer 0x148048000 (13 bytes)
1716774987.326791 sending message 112 to peer 0x148048000 (13 bytes)
1716774987.326795 sending message 112 to peer 0x148048000 (13 bytes)
1716774987.326800 sending message 112 to peer 0x148048000 (8 bytes)
1716774987.326805 sending message 112 to peer 0x148048000 (13 bytes)
1716774987.326810 sending message 112 to peer 0x148048000 (13 bytes)
1716774987.326815 sending message 112 to peer 0x148048000 (13 bytes)
1716774987.326820 sending message 112 to peer 0x148048000 (13 bytes)
1716774987.326825 sending message 112 to peer 0x148048000 (13 bytes)
1716774987.326829 sending message 112 to peer 0x148048000 (12 bytes)
1716774987.326834 sending message 112 to peer 0x148048000 (12 bytes)
1716774987.326839 sending message 112 to peer 0x148048000 (12 bytes)
1716774987.326844 sending message 112 to peer 0x148048000 (12 bytes)
1716774987.326849 sending message 112 to peer 0x148048000 (13 bytes)
1716774987.326854 sending message 112 to peer 0x148048000 (8 bytes)
1716774987.326859 sending message 112 to peer 0x148048000 (13 bytes)
1716774987.326864 sending message 112 to peer 0x148048000 (13 bytes)
1716774987.326869 sending message 112 to peer 0x148048000 (13 bytes)
1716774987.326874 sending message 112 to peer 0x148048000 (13 bytes)
1716774987.326878 sending message 112 to peer 0x148048000 (13 bytes)
1716774987.326883 sending message 112 to peer 0x148048000 (13 bytes)
1716774987.326888 sending message 112 to peer 0x148048000 (13 bytes)
1716774987.326893 sending message 112 to peer 0x148048000 (12 bytes)
1716774987.326898 sending message 112 to peer 0x148048000 (12 bytes)
1716774987.326902 sending message 112 to peer 0x148048000 (12 bytes)
1716774987.326907 sending message 112 to peer 0x148048000 (8 bytes)
1716774987.326912 sending message 112 to peer 0x148048000 (12 bytes)
1716774987.326917 sending message 112 to peer 0x148048000 (13 bytes)
1716774987.326922 sending message 112 to peer 0x148048000 (13 bytes)
1716774987.326927 sending message 112 to peer 0x148048000 (13 bytes)
1716774987.326931 sending message 112 to peer 0x148048000 (13 bytes)
1716774987.326945 sending message 112 to peer 0x148048000 (13 bytes)
1716774987.326950 sending message 112 to peer 0x148048000 (13 bytes)
1716774987.326955 sending message 112 to peer 0x148048000 (13 bytes)
1716774987.326960 sending message 112 to peer 0x148048000 (13 bytes)
1716774987.326965 sending message 112 to peer 0x148048000 (12 bytes)
1716774987.326970 sending message 112 to peer 0x148048000 (10 bytes)
1716774987.326974 sending message 112 to peer 0x148048000 (12 bytes)
1716774987.326979 sending message 112 to peer 0x148048000 (12 bytes)
1716774987.326984 sending message 112 to peer 0x148048000 (12 bytes)
1716774987.326989 sending message 112 to peer 0x148048000 (13 bytes)
1716774987.326994 sending message 112 to peer 0x148048000 (13 bytes)
1716774987.326999 sending message 112 to peer 0x148048000 (13 bytes)
1716774987.327004 sending message 112 to peer 0x148048000 (13 bytes)
1716774987.327008 sending message 112 to peer 0x148048000 (13 bytes)
1716774987.327013 sending message 112 to peer 0x148048000 (13 bytes)
1716774987.327018 sending message 112 to peer 0x148048000 (13 bytes)
1716774987.327023 sending message 112 to peer 0x148048000 (10 bytes)
1716774987.327028 sending message 112 to peer 0x148048000 (13 bytes)
1716774987.327033 sending message 112 to peer 0x148048000 (12 bytes)
1716774987.327037 sending message 112 to peer 0x148048000 (12 bytes)
1716774987.327042 sending message 112 to peer 0x148048000 (12 bytes)
1716774987.327047 sending message 112 to peer 0x148048000 (10 bytes)
1716774987.327052 sending message 112 to peer 0x148048000 (10 bytes)
1716774987.327057 sending message 112 to peer 0x148048000 (10 bytes)
1716774987.327061 sending message 112 to peer 0x148048000 (12 bytes)
1716774987.327066 sending message 112 to peer 0x148048000 (13 bytes)
1716774987.327071 sending message 112 to peer 0x148048000 (13 bytes)
1716774987.327076 sending message 112 to peer 0x148048000 (13 bytes)
1716774987.327081 sending message 112 to peer 0x148048000 (13 bytes)
1716774987.327086 sending message 112 to peer 0x148048000 (13 bytes)
1716774987.327090 sending message 112 to peer 0x148048000 (11 bytes)
1716774987.327095 sending message 112 to peer 0x148048000 (11 bytes)
1716774987.327100 sending message 112 to peer 0x148048000 (12 bytes)
1716774987.327105 sending message 112 to peer 0x148048000 (12 bytes)
1716774987.327110 sending message 112 to peer 0x148048000 (12 bytes)
1716774987.327115 sending message 112 to peer 0x148048000 (12 bytes)
1716774987.327119 sending message 112 to peer 0x148048000 (12 bytes)
1716774987.327124 sending message 112 to peer 0x148048000 (11 bytes)
1716774987.327129 sending message 112 to peer 0x148048000 (12 bytes)
1716774987.327134 sending message 112 to peer 0x148048000 (12 bytes)
1716774987.327139 sending message 112 to peer 0x148048000 (13 bytes)
1716774987.327144 sending message 112 to peer 0x148048000 (13 bytes)
1716774987.327149 sending message 112 to peer 0x148048000 (13 bytes)
1716774987.327153 sending message 112 to peer 0x148048000 (13 bytes)
1716774987.327158 sending message 112 to peer 0x148048000 (13 bytes)
1716774987.327163 sending message 112 to peer 0x148048000 (10 bytes)
1716774987.327168 sending message 112 to peer 0x148048000 (9 bytes)
1716774987.327173 sending message 112 to peer 0x148048000 (12 bytes)
1716774987.327178 sending message 112 to peer 0x148048000 (13 bytes)
1716774987.327183 sending message 112 to peer 0x148048000 (13 bytes)
1716774987.327187 sending message 112 to peer 0x148048000 (13 bytes)
1716774987.327192 sending message 112 to peer 0x148048000 (13 bytes)
1716774987.327197 sending message 112 to peer 0x148048000 (13 bytes)
1716774987.327202 sending message 112 to peer 0x148048000 (9 bytes)
1716774987.327207 sending message 112 to peer 0x148048000 (12 bytes)
1716774987.327211 sending message 112 to peer 0x148048000 (13 bytes)
1716774987.327216 sending message 112 to peer 0x148048000 (13 bytes)
1716774987.327221 sending message 112 to peer 0x148048000 (13 bytes)
1716774987.327226 sending message 112 to peer 0x148048000 (13 bytes)
1716774987.327238 sending message 112 to peer 0x148048000 (13 bytes)
1716774987.327243 sending message 112 to peer 0x148048000 (11 bytes)
1716774987.327248 sending message 112 to peer 0x148048000 (12 bytes)
1716774987.327253 sending message 112 to peer 0x148048000 (13 bytes)
1716774987.327258 sending message 112 to peer 0x148048000 (13 bytes)
1716774987.327262 sending message 112 to peer 0x148048000 (13 bytes)
1716774987.327267 sending message 112 to peer 0x148048000 (13 bytes)
1716774987.327272 sending message 112 to peer 0x148048000 (13 bytes)
1716774987.327277 sending message 112 to peer 0x148048000 (11 bytes)
1716774987.327282 sending message 112 to peer 0x148048000 (12 bytes)
1716774987.327287 sending message 112 to peer 0x148048000 (12 bytes)
1716774987.327292 sending message 112 to peer 0x148048000 (12 bytes)
1716774987.327296 sending message 112 to peer 0x148048000 (12 bytes)
1716774987.327301 sending message 112 to peer 0x148048000 (12 bytes)
1716774987.327306 sending message 112 to peer 0x148048000 (21 bytes)
1716774987.327311 sending message 112 to peer 0x148048000 (12 bytes)
1716774987.327316 sending message 112 to peer 0x148048000 (9 bytes)
1716774987.327321 sending message 112 to peer 0x148048000 (6 bytes)
1716774987.327326 sending message 112 to peer 0x148048000 (13 bytes)
1716774987.327331 sending message 112 to peer 0x148048000 (8 bytes)
1716774987.327336 sending message 112 to peer 0x148048000 (15 bytes)
1716774987.327341 sending message 112 to peer 0x148048000 (13 bytes)
1716774987.327346 sending message 112 to peer 0x148048000 (9 bytes)
1716774987.327351 sending message 112 to peer 0x148048000 (70 bytes)
1716774987.327356 sending message 112 to peer 0x148048000 (69 bytes)
1716774987.327360 sending message 112 to peer 0x148048000 (10 bytes)
1716774987.327365 sending message 112 to peer 0x148048000 (10 bytes)
1716774987.327370 sending message 112 to peer 0x148048000 (8 bytes)
1716774987.327376 sending message 112 to peer 0x148048000 (15 bytes)
1716774987.327381 sending message 112 to peer 0x148048000 (13 bytes)
1716774987.327386 sending message 112 to peer 0x148048000 (10 bytes)
1716774987.327391 sending message 112 to peer 0x148048000 (10 bytes)
1716774987.327395 sending message 112 to peer 0x148048000 (17 bytes)
1716774987.327400 sending message 112 to peer 0x148048000 (10 bytes)
1716774987.327405 sending message 112 to peer 0x148048000 (13 bytes)
1716774987.327410 sending message 112 to peer 0x148048000 (9 bytes)
1716774987.327415 sending message 112 to peer 0x148048000 (5 bytes)
1716774987.327420 sending message 112 to peer 0x148048000 (15 bytes)
1716774987.327428 sending message 104 to peer 0x148048000 (0 bytes)
1716774987.327434 sending message 110 to peer 0x148048000 (0 bytes)
1716774987.327439 sending message 107 to peer 0x148048000 (4 bytes)
1716774987.327444 sending message 105 to peer 0x148048000 (83 bytes)
1716774987.327449 sending message 105 to peer 0x148048000 (87 bytes)
1716774987.327454 sending message 105 to peer 0x148048000 (31 bytes)
1716774987.327459 sending message 105 to peer 0x148048000 (34 bytes)
1716774987.327464 sending message 105 to peer 0x148048000 (20 bytes)
1716774987.327469 sending message 105 to peer 0x148048000 (22 bytes)
1716774987.327474 sending message 105 to peer 0x148048000 (31 bytes)
1716774987.327479 sending message 105 to peer 0x148048000 (19 bytes)
1716774987.327484 sending message 105 to peer 0x148048000 (24 bytes)
1716774987.327489 sending message 105 to peer 0x148048000 (37 bytes)
1716774987.327494 sending message 105 to peer 0x148048000 (30 bytes)
1716774987.327498 sending message 105 to peer 0x148048000 (34 bytes)
1716774987.327504 sending message 105 to peer 0x148048000 (110 bytes)
1716774987.327509 sending message 105 to peer 0x148048000 (15 bytes)
1716774987.327514 sending message 105 to peer 0x148048000 (20 bytes)
1716774987.327519 sending message 105 to peer 0x148048000 (94 bytes)
1716774987.327523 sending message 105 to peer 0x148048000 (17 bytes)
1716774987.327528 sending message 105 to peer 0x148048000 (23 bytes)
1716774987.327545 sending message 105 to peer 0x148048000 (26 bytes)
1716774987.327550 sending message 105 to peer 0x148048000 (12 bytes)
1716774987.327556 sending message 105 to peer 0x148048000 (718 bytes)
1716774987.327561 sending message 105 to peer 0x148048000 (16 bytes)
1716774987.327566 sending message 105 to peer 0x148048000 (41 bytes)
1716774987.327571 sending message 105 to peer 0x148048000 (18 bytes)
1716774987.327576 sending message 105 to peer 0x148048000 (15 bytes)
1716774987.327581 sending message 105 to peer 0x148048000 (8 bytes)
1716774987.327586 sending message 105 to peer 0x148048000 (66 bytes)
1716774987.327591 sending message 105 to peer 0x148048000 (19 bytes)
1716774987.327596 sending message 105 to peer 0x148048000 (18 bytes)
1716774987.327601 sending message 105 to peer 0x148048000 (25 bytes)
1716774987.327605 sending message 105 to peer 0x148048000 (57 bytes)
1716774987.327610 sending message 105 to peer 0x148048000 (43 bytes)
1716774987.327615 sending message 105 to peer 0x148048000 (13 bytes)
1716774987.327620 sending message 105 to peer 0x148048000 (59 bytes)
1716774987.327625 sending message 105 to peer 0x148048000 (17 bytes)
1716774987.327630 sending message 105 to peer 0x148048000 (20 bytes)
1716774987.327635 sending message 105 to peer 0x148048000 (20 bytes)
1716774987.327640 sending message 105 to peer 0x148048000 (14 bytes)
1716774987.327649 sending message 105 to peer 0x148048000 (19 bytes)
1716774987.327654 sending message 105 to peer 0x148048000 (51 bytes)
1716774987.327660 sending message 105 to peer 0x148048000 (46 bytes)
1716774987.327664 sending message 105 to peer 0x148048000 (26 bytes)
1716774987.327669 sending message 105 to peer 0x148048000 (22 bytes)
1716774987.327674 sending message 105 to peer 0x148048000 (35 bytes)
1716774987.327679 sending message 105 to peer 0x148048000 (38 bytes)
1716774987.327684 sending message 105 to peer 0x148048000 (17 bytes)
1716774987.327689 sending message 105 to peer 0x148048000 (10 bytes)
1716774987.327694 sending message 105 to peer 0x148048000 (25 bytes)
1716774987.327699 sending message 106 to peer 0x148048000 (0 bytes)
1716774987.327784 sending message 200 to peer 0x148048000 (4 bytes)
1716774987.327793 client loop enter
1716774987.328180 peer 0x148048000 message 303
1716774987.328203 open write file 2 -
1716774987.328237 sending message 305 to peer 0x148048000 (8 bytes)
1716774987.328258 write check file 2
1716774987.328317 peer 0x148048000 message 304
1716774987.328328 write 58 to file 2
1716774987.328335 peer 0x148048000 message 203
1716774987.328341 file 2 58 bytes left
1716774987.328359 write check file 2
1716774987.328365 client loop exit
